c:\users\admin\desktop\수업\쥬신\teamproject\second\mario\mario\x64\debug\vc142.pdb
c:\users\admin\desktop\수업\쥬신\teamproject\second\mario\mario\x64\debug\vc142.idb
c:\users\admin\desktop\수업\쥬신\teamproject\second\mario\mario\x64\debug\scene.obj
c:\users\admin\desktop\수업\쥬신\teamproject\second\mario\mario\x64\debug\obstacle_item.obj
c:\users\admin\desktop\수업\쥬신\teamproject\second\mario\mario\x64\debug\obstacle.obj
c:\users\admin\desktop\수업\쥬신\teamproject\second\mario\mario\x64\debug\obj.obj
c:\users\admin\desktop\수업\쥬신\teamproject\second\mario\mario\x64\debug\mybitmap.obj
c:\users\admin\desktop\수업\쥬신\teamproject\second\mario\mario\x64\debug\menubutton.obj
c:\users\admin\desktop\수업\쥬신\teamproject\second\mario\mario\x64\debug\menu.obj
c:\users\admin\desktop\수업\쥬신\teamproject\second\mario\mario\x64\debug\linemgr.obj
c:\users\admin\desktop\수업\쥬신\teamproject\second\mario\mario\x64\debug\line.obj
c:\users\admin\desktop\수업\쥬신\teamproject\second\mario\mario\x64\debug\keymgr.obj
c:\users\admin\desktop\수업\쥬신\teamproject\second\mario\mario\x64\debug\gamebutton.obj
c:\users\admin\desktop\수업\쥬신\teamproject\second\mario\mario\x64\debug\game.obj
c:\users\admin\desktop\수업\쥬신\teamproject\second\mario\mario\x64\debug\bullet.obj
c:\users\admin\desktop\수업\쥬신\teamproject\second\mario\mario\x64\debug\bmpmgr.obj
c:\users\admin\desktop\수업\쥬신\teamproject\second\mario\mario\x64\debug\scrollmgr.obj
c:\users\admin\desktop\수업\쥬신\teamproject\second\mario\mario\x64\debug\scenemgr.obj
c:\users\admin\desktop\수업\쥬신\teamproject\second\mario\mario\x64\debug\stage1.obj
c:\users\admin\desktop\수업\쥬신\teamproject\second\mario\mario\x64\debug\stage.obj
c:\users\admin\desktop\수업\쥬신\teamproject\second\mario\mario\x64\debug\objmgr.obj
c:\users\admin\desktop\수업\쥬신\teamproject\second\mario\mario\x64\debug\mario.obj
c:\users\admin\desktop\수업\쥬신\teamproject\second\mario\mario\x64\debug\collisionmgr.obj
c:\users\admin\desktop\수업\쥬신\teamproject\second\mario\mario\x64\debug\monster1.obj
c:\users\admin\desktop\수업\쥬신\teamproject\second\mario\mario\x64\debug\monster.obj
c:\users\admin\desktop\수업\쥬신\teamproject\second\mario\mario\x64\debug\player.obj
c:\users\admin\desktop\수업\쥬신\teamproject\second\mario\mario\x64\debug\cobjpoolmgr.obj
c:\users\admin\desktop\수업\쥬신\teamproject\second\mario\mario\x64\debug\objpoolmgr.obj
c:\users\admin\desktop\수업\쥬신\teamproject\second\mario\x64\debug\mario.exe
c:\users\admin\desktop\수업\쥬신\teamproject\second\mario\x64\debug\mario.ilk
c:\users\admin\desktop\수업\쥬신\teamproject\second\mario\x64\debug\mario.pdb
c:\users\admin\desktop\수업\쥬신\teamproject\second\mario\mario\x64\debug\mario.res
c:\users\admin\desktop\수업\쥬신\teamproject\second\mario\mario\x64\debug\mario.ilk
c:\users\admin\desktop\수업\쥬신\teamproject\second\mario\mario\x64\debug\vc140.idb
c:\users\admin\desktop\수업\쥬신\teamproject\second\mario\mario\x64\debug\vc143.idb
c:\users\admin\desktop\수업\쥬신\teamproject\second\mario\mario\x64\debug\vc140.pdb
c:\users\admin\desktop\수업\쥬신\teamproject\second\mario\mario\x64\debug\vc143.pdb
c:\users\admin\desktop\수업\쥬신\teamproject\second\mario\mario\x64\debug\mario.tlog\cl.command.1.tlog
c:\users\admin\desktop\수업\쥬신\teamproject\second\mario\mario\x64\debug\mario.tlog\cl.read.1.tlog
c:\users\admin\desktop\수업\쥬신\teamproject\second\mario\mario\x64\debug\mario.tlog\cl.write.1.tlog
c:\users\admin\desktop\수업\쥬신\teamproject\second\mario\mario\x64\debug\mario.tlog\link-cvtres.read.1.tlog
c:\users\admin\desktop\수업\쥬신\teamproject\second\mario\mario\x64\debug\mario.tlog\link-cvtres.write.1.tlog
c:\users\admin\desktop\수업\쥬신\teamproject\second\mario\mario\x64\debug\mario.tlog\link-rc.read.1.tlog
c:\users\admin\desktop\수업\쥬신\teamproject\second\mario\mario\x64\debug\mario.tlog\link-rc.write.1.tlog
c:\users\admin\desktop\수업\쥬신\teamproject\second\mario\mario\x64\debug\mario.tlog\link.8556-cvtres.read.1.tlog
c:\users\admin\desktop\수업\쥬신\teamproject\second\mario\mario\x64\debug\mario.tlog\link.8556-cvtres.write.1.tlog
c:\users\admin\desktop\수업\쥬신\teamproject\second\mario\mario\x64\debug\mario.tlog\link.8556-rc.read.1.tlog
c:\users\admin\desktop\수업\쥬신\teamproject\second\mario\mario\x64\debug\mario.tlog\link.8556-rc.write.1.tlog
c:\users\admin\desktop\수업\쥬신\teamproject\second\mario\mario\x64\debug\mario.tlog\link.8556.read.1.tlog
c:\users\admin\desktop\수업\쥬신\teamproject\second\mario\mario\x64\debug\mario.tlog\link.8556.write.1.tlog
c:\users\admin\desktop\수업\쥬신\teamproject\second\mario\mario\x64\debug\mario.tlog\link.command.1.tlog
c:\users\admin\desktop\수업\쥬신\teamproject\second\mario\mario\x64\debug\mario.tlog\link.delete.1.tlog
c:\users\admin\desktop\수업\쥬신\teamproject\second\mario\mario\x64\debug\mario.tlog\link.read.1.tlog
c:\users\admin\desktop\수업\쥬신\teamproject\second\mario\mario\x64\debug\mario.tlog\link.write.1.tlog
c:\users\admin\desktop\수업\쥬신\teamproject\second\mario\mario\x64\debug\mario.tlog\rc.command.1.tlog
c:\users\admin\desktop\수업\쥬신\teamproject\second\mario\mario\x64\debug\mario.tlog\rc.read.1.tlog
c:\users\admin\desktop\수업\쥬신\teamproject\second\mario\mario\x64\debug\mario.tlog\rc.write.1.tlog
